<?xml version="1.0" encoding="UTF-8"?>
<testng-results skipped="0" failed="0" total="2" passed="2">
  <reporter-output>
  </reporter-output>
  <suite name="Default suite" duration-ms="476" started-at="2016-08-13T13:25:12Z" finished-at="2016-08-13T13:25:13Z">
    <groups>
    </groups>
    <test name="Default test" duration-ms="476" started-at="2016-08-13T13:25:12Z" finished-at="2016-08-13T13:25:13Z">
      <class name="googleDemo.GoogleDemo">
        <test-method status="PASS" signature="DemoA()[pri:0, instance:googleDemo.GoogleDemo@53f65459]" name="DemoA" duration-ms="21" started-at="2016-08-13T18:55:12Z" finished-at="2016-08-13T18:55:12Z">
          <reporter-output>
          </reporter-output>
        </test-method> <!-- DemoA -->
        <test-method status="PASS" signature="DemoB()[pri:0, instance:googleDemo.GoogleDemo@53f65459]" name="DemoB" duration-ms="432" started-at="2016-08-13T18:55:12Z" finished-at="2016-08-13T18:55:13Z">
          <reporter-output>
          </reporter-output>
        </test-method> <!-- DemoB -->
      </class> <!-- googleDemo.GoogleDemo -->
    </test> <!-- Default test -->
  </suite> <!-- Default suite -->
</testng-results>
