<?xml version="1.0" encoding="UTF-8"?>
<testng-results skipped="0" failed="0" total="1" passed="1">
  <reporter-output>
  </reporter-output>
  <suite name="Default suite" duration-ms="24502" started-at="2016-08-07T10:49:52Z" finished-at="2016-08-07T10:50:16Z">
    <groups>
    </groups>
    <test name="Default test" duration-ms="24502" started-at="2016-08-07T10:49:52Z" finished-at="2016-08-07T10:50:16Z">
      <class name="googleDemo.GoogleDemo">
        <test-method status="PASS" signature="DemoGoogle()[pri:0, instance:googleDemo.GoogleDemo@6ea12c19]" name="DemoGoogle" duration-ms="24465" started-at="2016-08-07T16:19:52Z" finished-at="2016-08-07T16:20:16Z">
          <reporter-output>
          </reporter-output>
        </test-method> <!-- DemoGoogle -->
      </class> <!-- googleDemo.GoogleDemo -->
    </test> <!-- Default test -->
  </suite> <!-- Default suite -->
</testng-results>
